[debug] [2022-04-05T17:04:31.752Z] ----------------------------------------------------------------------
[debug] [2022-04-05T17:04:31.756Z] Command:       C:\Program Files\nodejs\node.exe C:\Users\ISMAR Technologies\AppData\Roaming\npm\node_modules\firebase-tools\lib\bin\firebase.js serve
[debug] [2022-04-05T17:04:31.756Z] CLI Version:   10.3.1
[debug] [2022-04-05T17:04:31.756Z] Platform:      win32
[debug] [2022-04-05T17:04:31.757Z] Node Version:  v16.14.1
[debug] [2022-04-05T17:04:31.758Z] Time:          Tue Apr 05 2022 18:04:31 GMT+0100 (West Africa Standard Time)
[debug] [2022-04-05T17:04:31.759Z] ----------------------------------------------------------------------
[debug] 
[debug] [2022-04-05T17:04:31.902Z] > command requires scopes: ["email","openid","https://www.googleapis.com/auth/cloudplatformprojects.readonly","https://www.googleapis.com/auth/firebase","https://www.googleapis.com/auth/cloud-platform"]
[debug] [2022-04-05T17:04:31.903Z] > authorizing via signed-in user (ismailumarbaba@gmail.com)
[debug] [2022-04-05T17:04:31.903Z] [iam] checking project naijapolls-cd873 for permissions ["firebase.projects.get"]
[debug] [2022-04-05T17:04:31.905Z] > refreshing access token with scopes: []
[debug] [2022-04-05T17:04:31.906Z] >>> HTTP REQUEST POST https://www.googleapis.com/oauth2/v3/token  
 <request body omitted>
[debug] [2022-04-05T17:04:31.977Z] [iam] error while checking permissions, command may fail: FirebaseError: Authentication Error: Your credentials are no longer valid. Please run firebase login --reauth

For CI servers and headless environments, generate a new token with firebase login:ci
[debug] [2022-04-05T17:04:31.977Z] > refreshing access token with scopes: []
[debug] [2022-04-05T17:04:31.978Z] >>> HTTP REQUEST POST https://www.googleapis.com/oauth2/v3/token  
 <request body omitted>
[debug] [2022-04-05T17:04:32.000Z] Authentication Error: Your credentials are no longer valid. Please run firebase login --reauth

For CI servers and headless environments, generate a new token with firebase login:ci
[debug] [2022-04-05T17:04:32.012Z] FirebaseError: Authentication Error: Your credentials are no longer valid. Please run firebase login --reauth

For CI servers and headless environments, generate a new token with firebase login:ci
    at invalidCredentialError (C:\Users\ISMAR Technologies\AppData\Roaming\npm\node_modules\firebase-tools\lib\auth.js:145:12)
    at refreshTokens (C:\Users\ISMAR Technologies\AppData\Roaming\npm\node_modules\firebase-tools\lib\auth.js:485:15)
    at processTicksAndRejections (node:internal/process/task_queues:96:5)
    at async Client.getAccessToken (C:\Users\ISMAR Technologies\AppData\Roaming\npm\node_modules\firebase-tools\lib\apiv2.js:147:23)
    at async Client.addAuthHeader (C:\Users\ISMAR Technologies\AppData\Roaming\npm\node_modules\firebase-tools\lib\apiv2.js:138:21)
    at async Client.request (C:\Users\ISMAR Technologies\AppData\Roaming\npm\node_modules\firebase-tools\lib\apiv2.js:94:34)
    at async getFirebaseProject (C:\Users\ISMAR Technologies\AppData\Roaming\npm\node_modules\firebase-tools\lib\management\projects.js:290:21)
    at async needProjectNumber (C:\Users\ISMAR Technologies\AppData\Roaming\npm\node_modules\firebase-tools\lib\projectUtils.js:46:22)
    at async C:\Users\ISMAR Technologies\AppData\Roaming\npm\node_modules\firebase-tools\lib\command.js:188:17
[error] 
[error] Error: Failed to get Firebase project naijapolls-cd873. Please make sure the project exists and your account has permission to access it.
